#
# There is insufficient memory for the Java Runtime Environment to continue.
# Native memory allocation (malloc) failed to allocate 932736 bytes for Chunk::new
# Possible reasons:
#   The system is out of physical RAM or swap space
#   The process is running with CompressedOops enabled, and the Java Heap may be blocking the growth of the native heap
# Possible solutions:
#   Reduce memory load on the system
#   Increase physical memory or swap space
#   Check if swap backing store is full
#   Decrease Java heap size (-Xmx/-Xms)
#   Decrease number of Java threads
#   Decrease Java thread stack sizes (-Xss)
#   Set larger code cache with -XX:ReservedCodeCacheSize=
#   JVM is running with Unscaled Compressed Oops mode in which the Java heap is
#     placed in the first 4GB address space. The Java Heap base address is the
#     maximum limit for the native heap growth. Please use -XX:HeapBaseMinAddress
#     to set the Java Heap base and to place the Java Heap above 4GB virtual address.
# This output file may be truncated or incomplete.
#
#  Out of Memory Error (allocation.cpp:389), pid=11172, tid=0x0000000000002f10
#
# JRE version: OpenJDK Runtime Environment (8.0_212-b04) (build 1.8.0_212-release-1586-b04)
# Java VM: OpenJDK 64-Bit Server VM (25.212-b04 mixed mode windows-amd64 compressed oops)
# Failed to write core dump. Minidumps are not enabled by default on client versions of Windows
#

---------------  T H R E A D  ---------------

Current thread (0x0000000016c27800):  JavaThread "C2 CompilerThread0" daemon [_thread_in_native, id=12048, stack(0x0000000018290000,0x0000000018390000)]

Stack: [0x0000000018290000,0x0000000018390000]
[error occurred during error reporting (printing stack bounds), id 0xc0000005]

Native frames: (J=compiled Java code, j=interpreted, Vv=VM code, C=native code)


Current CompileTask:
C2:2686124 16330       4       com.android.tools.r8.u.c.M::a (737 bytes)


---------------  P R O C E S S  ---------------

Java Threads: ( => current thread )
  0x000000001d0e7800 JavaThread "WorkerExecutor Queue Thread 7" [_thread_blocked, id=1748, stack(0x000000001c0d0000,0x000000001c1d0000)]
  0x000000001d0e9000 JavaThread "stdout" [_thread_in_native, id=116, stack(0x0000000027e20000,0x0000000027f20000)]
  0x000000001880b000 JavaThread "stderr" [_thread_in_native, id=10840, stack(0x0000000027d20000,0x0000000027e20000)]
  0x000000001d91e000 JavaThread "stdout" [_thread_in_native, id=11844, stack(0x0000000027c20000,0x0000000027d20000)]
  0x000000001d91c800 JavaThread "stderr" [_thread_in_native, id=12016, stack(0x0000000027b20000,0x0000000027c20000)]
  0x000000001d91f000 JavaThread "stdout" [_thread_in_native, id=12188, stack(0x0000000027a20000,0x0000000027b20000)]
  0x000000001d91c000 JavaThread "stderr" [_thread_in_native, id=9524, stack(0x0000000027920000,0x0000000027a20000)]
  0x000000001d91d800 JavaThread "stdout" [_thread_in_native, id=10884, stack(0x0000000027820000,0x0000000027920000)]
  0x000000001d91b000 JavaThread "stderr" [_thread_in_native, id=9336, stack(0x0000000027720000,0x0000000027820000)]
  0x000000001d919800 JavaThread "MarlinRenderer Disposer" daemon [_thread_blocked, id=6644, stack(0x0000000027300000,0x0000000027400000)]
  0x000000001d919000 JavaThread "Java2D Disposer" daemon [_thread_blocked, id=3512, stack(0x0000000027140000,0x0000000027240000)]
  0x000000001d915000 JavaThread "WorkerExecutor Queue Thread 3" [_thread_blocked, id=11088, stack(0x0000000026840000,0x0000000026940000)]
  0x000000001d913800 JavaThread "pool-15-thread-1" [_thread_blocked, id=7240, stack(0x0000000026940000,0x0000000026a40000)]
  0x000000001d913000 JavaThread "Cache worker for execution history cache (C:\Users\Mariana\Desktop\Teste\.gradle\5.6.4\executionHistory)" [_thread_blocked, id=10468, stack(0x0000000026240000,0x0000000026340000)]
  0x000000001d910000 JavaThread "Execution worker for ':' Thread 3" [_thread_blocked, id=8672, stack(0x0000000025b40000,0x0000000025c40000)]
  0x000000001d912000 JavaThread "Execution worker for ':' Thread 2" [_thread_blocked, id=11956, stack(0x00000000246c0000,0x00000000247c0000)]
  0x000000001880c000 JavaThread "Execution worker for ':'" [_thread_blocked, id=4636, stack(0x00000000243c0000,0x00000000244c0000)]
  0x000000001880a800 JavaThread "Cache worker for file content cache (C:\Users\Mariana\Desktop\Teste\.gradle\5.6.4\fileContent)" [_thread_blocked, id=11624, stack(0x0000000022ee0000,0x0000000022fe0000)]
  0x0000000018810800 JavaThread "Cache worker for file content cache (C:\Users\Mariana\.gradle\caches\5.6.4\fileContent)" [_thread_blocked, id=4292, stack(0x00000000227e0000,0x00000000228e0000)]
  0x000000001d0be000 JavaThread "Cache worker for Build Output Cleanup Cache (C:\Users\Mariana\Desktop\Teste\.gradle\buildOutputCleanup)" [_thread_blocked, id=8596, stack(0x0000000021450000,0x0000000021550000)]
  0x000000001d0bc800 JavaThread "Build operations Thread 4" [_thread_blocked, id=4912, stack(0x0000000021350000,0x0000000021450000)]
  0x000000001d0bc000 JavaThread "Build operations Thread 3" [_thread_blocked, id=2996, stack(0x0000000021250000,0x0000000021350000)]
  0x000000001d0bd800 JavaThread "Build operations Thread 2" [_thread_blocked, id=11032, stack(0x000000001f670000,0x000000001f770000)]
  0x000000001d0b5000 JavaThread "Build operations" [_thread_blocked, id=6532, stack(0x000000001f370000,0x000000001f470000)]
  0x000000001d0b3800 JavaThread "Cache worker for cache directory md-rule (C:\Users\Mariana\.gradle\caches\5.6.4\md-rule)" [_thread_blocked, id=8148, stack(0x000000001c4d0000,0x000000001c5d0000)]
  0x000000001d0ba800 JavaThread "Cache worker for cache directory md-supplier (C:\Users\Mariana\.gradle\caches\5.6.4\md-supplier)" [_thread_blocked, id=9992, stack(0x000000001c3d0000,0x000000001c4d0000)]
  0x000000001d0b9800 JavaThread "Cache worker for file hash cache (C:\Users\Mariana\Desktop\Teste\.gradle\5.6.4\fileHashes)" [_thread_blocked, id=8052, stack(0x000000001c2d0000,0x000000001c3d0000)]
  0x000000001d0b9000 JavaThread "Thread-29" [_thread_blocked, id=11820, stack(0x000000001c1d0000,0x000000001c2d0000)]
  0x000000001d0b6000 JavaThread "Asynchronous log dispatcher for DefaultDaemonConnection: socket connection from /127.0.0.1:53549 to /127.0.0.1:54432" [_thread_blocked, id=9044, stack(0x000000001bdd0000,0x000000001bed0000)]
  0x000000001d0b8000 JavaThread "Daemon worker Thread 2" [_thread_blocked, id=5452, stack(0x000000001bcd0000,0x000000001bdd0000)]
  0x000000001d0b0800 JavaThread "Cancel handler" [_thread_blocked, id=10368, stack(0x0000000002ee0000,0x0000000002fe0000)]
  0x000000001d0b7800 JavaThread "Handler for socket connection from /127.0.0.1:53549 to /127.0.0.1:54432" [_thread_in_native, id=3688, stack(0x00000000015d0000,0x00000000016d0000)]
  0x000000001d0b0000 JavaThread "Daemon Thread 2" [_thread_blocked, id=11760, stack(0x00000000013d0000,0x00000000014d0000)]
  0x000000001d0b6800 JavaThread "Memory manager" [_thread_blocked, id=7276, stack(0x00000000239e0000,0x0000000023ae0000)]
  0x000000001d0b3000 JavaThread "Cache worker for execution history cache (C:\Users\Mariana\.gradle\caches\5.6.4\executionHistory)" [_thread_blocked, id=3752, stack(0x0000000020950000,0x0000000020a50000)]
  0x000000001880f000 JavaThread "Cache worker for journal cache (C:\Users\Mariana\.gradle\caches\journal-1)" [_thread_blocked, id=12112, stack(0x000000001c9d0000,0x000000001cad0000)]
  0x000000001880c800 JavaThread "File lock request listener" [_thread_in_native, id=9600, stack(0x000000001c8d0000,0x000000001c9d0000)]
  0x000000001880e000 JavaThread "Cache worker for file hash cache (C:\Users\Mariana\.gradle\caches\5.6.4\fileHashes)" [_thread_blocked, id=7604, stack(0x000000001c7d0000,0x000000001c8d0000)]
  0x000000001a516000 JavaThread "Daemon periodic checks" [_thread_blocked, id=8456, stack(0x000000001bbd0000,0x000000001bcd0000)]
  0x0000000018d91800 JavaThread "Incoming local TCP Connector on port 53549" [_thread_in_native, id=9124, stack(0x000000001b970000,0x000000001ba70000)]
  0x00000000188ef800 JavaThread "Daemon health stats" [_thread_blocked, id=12176, stack(0x000000001b330000,0x000000001b430000)]
  0x00000000185af000 JavaThread "Service Thread" daemon [_thread_blocked, id=2904, stack(0x0000000018990000,0x0000000018a90000)]
  0x0000000016c23000 JavaThread "C1 CompilerThread2" daemon [_thread_blocked, id=1992, stack(0x0000000018490000,0x0000000018590000)]
  0x0000000016c1c000 JavaThread "C2 CompilerThread1" daemon [_thread_in_native, id=6164, stack(0x0000000018390000,0x0000000018490000)]
=>0x0000000016c27800 JavaThread "C2 CompilerThread0" daemon [_thread_in_native, id=12048, stack(0x0000000018290000,0x0000000018390000)]
  0x0000000016c26000 JavaThread "Attach Listener" daemon [_thread_blocked, id=5468, stack(0x0000000018190000,0x0000000018290000)]
  0x0000000016c25000 JavaThread "Signal Dispatcher" daemon [_thread_blocked, id=12088, stack(0x0000000018090000,0x0000000018190000)]
  0x00000000032ab000 JavaThread "Finalizer" daemon [_thread_blocked, id=8888, stack(0x0000000017e80000,0x0000000017f80000)]
  0x0000000016c09000 JavaThread "Reference Handler" daemon [_thread_blocked, id=7720, stack(0x0000000017d80000,0x0000000017e80000)]
  0x000000000305e000 JavaThread "main" [_thread_blocked, id=5944, stack(0x00000000030b0000,0x00000000031b0000)]

Other Threads:
  0x0000000016be6000 VMThread [stack: 0x0000000017c80000,0x0000000017d80000] [id=7956]
  0x00000000185af800 WatcherThread [stack: 0x0000000018a90000,0x0000000018b90000] [id=11348]

VM state:not at safepoint (normal execution)

VM Mutex/Monitor currently owned by a thread: None

heap address: 0x00000000a0000000, size: 1536 MB, Compressed Oops mode: 32-bit
Narrow klass base: 0x0000000000000000, Narrow klass shift: 3
Compressed class space size: 1073741824 Address: 0x0000000100000000

Heap:
 PSYoungGen      total 199168K, used 54269K [0x00000000e0000000, 0x00000000eee80000, 0x0000000100000000)
  eden space 179200K, 28% used [0x00000000e0000000,0x00000000e319b408,0x00000000eaf00000)
  from space 19968K, 17% used [0x00000000ec400000,0x00000000ec764010,0x00000000ed780000)
  to   space 21504K, 0% used [0x00000000eaf00000,0x00000000eaf00000,0x00000000ec400000)
 ParOldGen       total 189952K, used 53730K [0x00000000a0000000, 0x00000000ab980000, 0x00000000e0000000)
  object space 189952K, 28% used [0x00000000a0000000,0x00000000a3478b28,0x00000000ab980000)
 Metaspace       used 95762K, capacity 99340K, committed 100992K, reserved 1136640K
  class space    used 12290K, capacity 13013K, committed 13440K, reserved 1048576K

Card table byte_map: [0x0000000012670000,0x0000000012980000] byte_map_base: 0x0000000012170000

Marking Bits: (ParMarkBitMap*) 0x000000005adc9f30
 Begin Bits: [0x0000000012f80000, 0x0000000014780000)
 End Bits:   [0x0000000014780000, 0x0000000015f80000)

Polling page: 0x0000000001880000

CodeCache: size=245760Kb used=47446Kb max_used=48134Kb free=198313Kb
 bounds [0x00000000032b0000, 0x00000000061f0000, 0x00000000122b0000]
 total_blobs=15291 nmethods=14276 adapters=927
 compilation: enabled

Compilation events (10 events):
Event: 2685.673 Thread 0x0000000016c23000 16563       2       com.android.tools.r8.u.b.a1::C2 (132 bytes)
Event: 2685.674 Thread 0x0000000016c23000 nmethod 16563 0x0000000005327990 code [0x0000000005327b80, 0x0000000005328038]
Event: 2685.705 Thread 0x0000000016c23000 16565       1       com.android.tools.r8.u.b.B::a (2 bytes)
Event: 2685.706 Thread 0x0000000016c23000 nmethod 16565 0x00000000055702d0 code [0x0000000005570420, 0x0000000005570530]
Event: 2685.718 Thread 0x0000000016c23000 16566       1       com.android.tools.r8.u.b.B::k1 (2 bytes)
Event: 2685.718 Thread 0x0000000016c23000 nmethod 16566 0x0000000003a8e650 code [0x0000000003a8e7a0, 0x0000000003a8e8b0]
Event: 2685.721 Thread 0x0000000016c23000 16567       2       com.android.tools.r8.graph.z0::asLazyCfCode (2 bytes)
Event: 2685.721 Thread 0x0000000016c23000 nmethod 16567 0x00000000036710d0 code [0x0000000003671220, 0x0000000003671370]
Event: 2685.721 Thread 0x0000000016c23000 16568       2       com.android.tools.r8.graph.z0::a (59 bytes)
Event: 2685.721 Thread 0x0000000016c23000 nmethod 16568 0x0000000004e95790 code [0x0000000004e958e0, 0x0000000004e95a30]

GC Heap History (10 events):
Event: 2617.440 GC heap before
{Heap before GC invocations=22 (full 3):
 PSYoungGen      total 173568K, used 170097K [0x00000000e0000000, 0x00000000ebe80000, 0x0000000100000000)
  eden space 160256K, 100% used [0x00000000e0000000,0x00000000e9c80000,0x00000000e9c80000)
  from space 13312K, 73% used [0x00000000eb180000,0x00000000ebb1c7b8,0x00000000ebe80000)
  to   space 17408K, 0% used [0x00000000e9c80000,0x00000000e9c80000,0x00000000ead80000)
 ParOldGen       total 128512K, used 42586K [0x00000000a0000000, 0x00000000a7d80000, 0x00000000e0000000)
  object space 128512K, 33% used [0x00000000a0000000,0x00000000a29969b0,0x00000000a7d80000)
 Metaspace       used 80092K, capacity 83300K, committed 83584K, reserved 1122304K
  class space    used 10407K, capacity 11118K, committed 11136K, reserved 1048576K
Event: 2617.465 GC heap after
Heap after GC invocations=22 (full 3):
 PSYoungGen      total 177664K, used 10448K [0x00000000e0000000, 0x00000000ed880000, 0x0000000100000000)
  eden space 160256K, 0% used [0x00000000e0000000,0x00000000e0000000,0x00000000e9c80000)
  from space 17408K, 60% used [0x00000000e9c80000,0x00000000ea6b4190,0x00000000ead80000)
  to   space 16896K, 0% used [0x00000000ec800000,0x00000000ec800000,0x00000000ed880000)
 ParOldGen       total 128512K, used 48161K [0x00000000a0000000, 0x00000000a7d80000, 0x00000000e0000000)
  object space 128512K, 37% used [0x00000000a0000000,0x00000000a2f086e8,0x00000000a7d80000)
 Metaspace       used 80092K, capacity 83300K, committed 83584K, reserved 1122304K
  class space    used 10407K, capacity 11118K, committed 11136K, reserved 1048576K
}
Event: 2655.986 GC heap before
{Heap before GC invocations=23 (full 3):
 PSYoungGen      total 177664K, used 170704K [0x00000000e0000000, 0x00000000ed880000, 0x0000000100000000)
  eden space 160256K, 100% used [0x00000000e0000000,0x00000000e9c80000,0x00000000e9c80000)
  from space 17408K, 60% used [0x00000000e9c80000,0x00000000ea6b4190,0x00000000ead80000)
  to   space 16896K, 0% used [0x00000000ec800000,0x00000000ec800000,0x00000000ed880000)
 ParOldGen       total 128512K, used 48161K [0x00000000a0000000, 0x00000000a7d80000, 0x00000000e0000000)
  object space 128512K, 37% used [0x00000000a0000000,0x00000000a2f086e8,0x00000000a7d80000)
 Metaspace       used 84656K, capacity 88084K, committed 88192K, reserved 1126400K
  class space    used 10870K, capacity 11576K, committed 11648K, reserved 1048576K
Event: 2656.005 GC heap after
Heap after GC invocations=23 (full 3):
 PSYoungGen      total 196608K, used 11741K [0x00000000e0000000, 0x00000000ed480000, 0x0000000100000000)
  eden space 183808K, 0% used [0x00000000e0000000,0x00000000e0000000,0x00000000eb380000)
  from space 12800K, 91% used [0x00000000ec800000,0x00000000ed3777c0,0x00000000ed480000)
  to   space 16896K, 0% used [0x00000000eb380000,0x00000000eb380000,0x00000000ec400000)
 ParOldGen       total 128512K, used 48169K [0x00000000a0000000, 0x00000000a7d80000, 0x00000000e0000000)
  object space 128512K, 37% used [0x00000000a0000000,0x00000000a2f0a6e8,0x00000000a7d80000)
 Metaspace       used 84656K, capacity 88084K, committed 88192K, reserved 1126400K
  class space    used 10870K, capacity 11576K, committed 11648K, reserved 1048576K
}
Event: 2680.453 GC heap before
{Heap before GC invocations=24 (full 3):
 PSYoungGen      total 196608K, used 153483K [0x00000000e0000000, 0x00000000ed480000, 0x0000000100000000)
  eden space 183808K, 77% used [0x00000000e0000000,0x00000000e8a6b7e0,0x00000000eb380000)
  from space 12800K, 91% used [0x00000000ec800000,0x00000000ed3777c0,0x00000000ed480000)
  to   space 16896K, 0% used [0x00000000eb380000,0x00000000eb380000,0x00000000ec400000)
 ParOldGen       total 128512K, used 48169K [0x00000000a0000000, 0x00000000a7d80000, 0x00000000e0000000)
  object space 128512K, 37% used [0x00000000a0000000,0x00000000a2f0a6e8,0x00000000a7d80000)
 Metaspace       used 94489K, capacity 98548K, committed 98600K, reserved 1134592K
  class space    used 12313K, capacity 13156K, committed 13184K, reserved 1048576K
Event: 2680.487 GC heap after
Heap after GC invocations=24 (full 3):
 PSYoungGen      total 194560K, used 16869K [0x00000000e0000000, 0x00000000ed780000, 0x0000000100000000)
  eden space 177664K, 0% used [0x00000000e0000000,0x00000000e0000000,0x00000000ead80000)
  from space 16896K, 99% used [0x00000000eb380000,0x00000000ec3f95f8,0x00000000ec400000)
  to   space 19968K, 0% used [0x00000000ec400000,0x00000000ec400000,0x00000000ed780000)
 ParOldGen       total 128512K, used 54815K [0x00000000a0000000, 0x00000000a7d80000, 0x00000000e0000000)
  object space 128512K, 42% used [0x00000000a0000000,0x00000000a3587f88,0x00000000a7d80000)
 Metaspace       used 94489K, capacity 98548K, committed 98600K, reserved 1134592K
  class space    used 12313K, capacity 13156K, committed 13184K, reserved 1048576K
}
Event: 2680.487 GC heap before
{Heap before GC invocations=25 (full 4):
 PSYoungGen      total 194560K, used 16869K [0x00000000e0000000, 0x00000000ed780000, 0x0000000100000000)
  eden space 177664K, 0% used [0x00000000e0000000,0x00000000e0000000,0x00000000ead80000)
  from space 16896K, 99% used [0x00000000eb380000,0x00000000ec3f95f8,0x00000000ec400000)
  to   space 19968K, 0% used [0x00000000ec400000,0x00000000ec400000,0x00000000ed780000)
 ParOldGen       total 128512K, used 54815K [0x00000000a0000000, 0x00000000a7d80000, 0x00000000e0000000)
  object space 128512K, 42% used [0x00000000a0000000,0x00000000a3587f88,0x00000000a7d80000)
 Metaspace       used 94489K, capacity 98548K, committed 98600K, reserved 1134592K
  class space    used 12313K, capacity 13156K, committed 13184K, reserved 1048576K
Event: 2680.891 GC heap after
Heap after GC invocations=25 (full 4):
 PSYoungGen      total 194560K, used 0K [0x00000000e0000000, 0x00000000ed780000, 0x0000000100000000)
  eden space 177664K, 0% used [0x00000000e0000000,0x00000000e0000000,0x00000000ead80000)
  from space 16896K, 0% used [0x00000000eb380000,0x00000000eb380000,0x00000000ec400000)
  to   space 19968K, 0% used [0x00000000ec400000,0x00000000ec400000,0x00000000ed780000)
 ParOldGen       total 189952K, used 53722K [0x00000000a0000000, 0x00000000ab980000, 0x00000000e0000000)
  object space 189952K, 28% used [0x00000000a0000000,0x00000000a3476b28,0x00000000ab980000)
 Metaspace       used 93408K, capacity 96626K, committed 98600K, reserved 1134592K
  class space    used 12102K, capacity 12776K, committed 13184K, reserved 1048576K
}
Event: 2685.543 GC heap before
{Heap before GC invocations=26 (full 4):
 PSYoungGen      total 194560K, used 177664K [0x00000000e0000000, 0x00000000ed780000, 0x0000000100000000)
  eden space 177664K, 100% used [0x00000000e0000000,0x00000000ead80000,0x00000000ead80000)
  from space 16896K, 0% used [0x00000000eb380000,0x00000000eb380000,0x00000000ec400000)
  to   space 19968K, 0% used [0x00000000ec400000,0x00000000ec400000,0x00000000ed780000)
 ParOldGen       total 189952K, used 53722K [0x00000000a0000000, 0x00000000ab980000, 0x00000000e0000000)
  object space 189952K, 28% used [0x00000000a0000000,0x00000000a3476b28,0x00000000ab980000)
 Metaspace       used 95630K, capacity 99192K, committed 100992K, reserved 1136640K
  class space    used 12290K, capacity 13013K, committed 13440K, reserved 1048576K
Event: 2685.558 GC heap after
Heap after GC invocations=26 (full 4):
 PSYoungGen      total 199168K, used 3472K [0x00000000e0000000, 0x00000000eee80000, 0x0000000100000000)
  eden space 179200K, 0% used [0x00000000e0000000,0x00000000e0000000,0x00000000eaf00000)
  from space 19968K, 17% used [0x00000000ec400000,0x00000000ec764010,0x00000000ed780000)
  to   space 21504K, 0% used [0x00000000eaf00000,0x00000000eaf00000,0x00000000ec400000)
 ParOldGen       total 189952K, used 53730K [0x00000000a0000000, 0x00000000ab980000, 0x00000000e0000000)
  object space 189952K, 28% used [0x00000000a0000000,0x00000000a3478b28,0x00000000ab980000)
 Metaspace       used 95630K, capacity 99192K, committed 100992K, reserved 1136640K
  class space    used 12290K, capacity 13013K, committed 13440K, reserved 1048576K
}

Deoptimization events (10 events):
Event: 2684.595 Thread 0x000000001d0b8000 Uncommon trap: reason=class_check action=maybe_recompile pc=0x0000000006081c58 method=com.android.tools.r8.u.b.r.size()I @ 42
Event: 2684.595 Thread 0x000000001d0b8000 Uncommon trap: reason=unstable_if action=reinterpret pc=0x0000000005caecf8 method=com.android.tools.r8.u.b.l.a(ILcom/android/tools/r8/u/b/l$c;)Lcom/android/tools/r8/u/b/g1; @ 4
Event: 2684.595 Thread 0x000000001d0b8000 Uncommon trap: reason=class_check action=maybe_recompile pc=0x0000000005c72488 method=com.android.tools.r8.u.b.r.size()I @ 42
Event: 2684.595 Thread 0x000000001d0b8000 Uncommon trap: reason=class_check action=maybe_recompile pc=0x0000000005faf7cc method=com.android.tools.r8.u.b.r.size()I @ 42
Event: 2684.596 Thread 0x000000001d0b8000 Uncommon trap: reason=class_check action=maybe_recompile pc=0x0000000005c5ad84 method=com.android.tools.r8.u.b.r.size()I @ 42
Event: 2684.598 Thread 0x000000001d0b8000 Uncommon trap: reason=unstable_if action=reinterpret pc=0x0000000005d2cb38 method=com.android.tools.r8.u.b.l.b(ILcom/android/tools/r8/u/b/l$c;)Z @ 4
Event: 2684.598 Thread 0x000000001d0b8000 Uncommon trap: reason=unstable_if action=reinterpret pc=0x00000000053dc264 method=com.android.tools.r8.u.b.l.b(ILcom/android/tools/r8/u/b/l$c;)Z @ 4
Event: 2684.948 Thread 0x000000001d0b8000 Uncommon trap: reason=unstable_if action=reinterpret pc=0x000000000601556c method=com.android.tools.r8.u.b.g1.s()Lcom/android/tools/r8/u/b/g1; @ 6
Event: 2685.418 Thread 0x000000001d0b8000 Uncommon trap: reason=unstable_if action=reinterpret pc=0x0000000005f38814 method=com.android.tools.r8.s.a.a.b.t0.b(I[Ljava/lang/Object;)Lcom/android/tools/r8/s/a/a/b/t0; @ 179
Event: 2685.622 Thread 0x000000001d0b8000 Uncommon trap: reason=unstable_if action=reinterpret pc=0x00000000061be850 method=com.android.tools.r8.u.c.o.a(Lcom/android/tools/r8/u/c/M;IZ)V @ 348

Classes redefined (0 events):
No events

Internal exceptions (10 events):
Event: 2659.740 Thread 0x000000001d0b8000 Exception <a 'sun/nio/fs/WindowsException'> (0x00000000e20e0400) thrown at [D:\src\AOSP-openjdk-cygwin\jdk8u\hotspot\src\share\vm\prims\jni.cpp, line 710]
Event: 2669.073 Thread 0x000000001d910000 Exception <a 'java/lang/NoSuchMethodError': <clinit>> (0x00000000e6e5a1c0) thrown at [D:\src\AOSP-openjdk-cygwin\jdk8u\hotspot\src\share\vm\prims\jni.cpp, line 1614]
Event: 2669.074 Thread 0x000000001d910000 Exception <a 'java/lang/NoSuchMethodError': <clinit>> (0x00000000e6eed7e0) thrown at [D:\src\AOSP-openjdk-cygwin\jdk8u\hotspot\src\share\vm\prims\jni.cpp, line 1614]
Event: 2669.075 Thread 0x000000001d910000 Exception <a 'java/lang/NoSuchMethodError': <clinit>> (0x00000000e6f10630) thrown at [D:\src\AOSP-openjdk-cygwin\jdk8u\hotspot\src\share\vm\prims\jni.cpp, line 1614]
Event: 2669.081 Thread 0x000000001d910000 Exception <a 'java/lang/NoSuchMethodError': <clinit>> (0x00000000e6f55228) thrown at [D:\src\AOSP-openjdk-cygwin\jdk8u\hotspot\src\share\vm\prims\jni.cpp, line 1614]
Event: 2669.103 Thread 0x000000001d910000 Implicit null exception at 0x00000000038f8660 to 0x00000000038f889d
Event: 2669.104 Thread 0x000000001d910000 Exception <a 'java/lang/NoSuchMethodError': <clinit>> (0x00000000e6f82f30) thrown at [D:\src\AOSP-openjdk-cygwin\jdk8u\hotspot\src\share\vm\prims\jni.cpp, line 1614]
Event: 2675.941 Thread 0x000000001880c000 Exception <a 'java/lang/NoSuchMethodError': java.lang.Object.lambda$maxBy$1(Ljava/util/Comparator;Ljava/lang/Object;Ljava/lang/Object;)Ljava/lang/Object;> (0x00000000e7e6b110) thrown at [D:\src\AOSP-openjdk-cygwin\jdk8u\hotspot\src\share\vm\interpreter\li
Event: 2675.941 Thread 0x000000001d0b8000 Exception <a 'java/lang/NoSuchMethodError': java.lang.Object.lambda$maxBy$1(Ljava/util/Comparator;Ljava/lang/Object;Ljava/lang/Object;)Ljava/lang/Object;> (0x00000000e7e429e0) thrown at [D:\src\AOSP-openjdk-cygwin\jdk8u\hotspot\src\share\vm\interpreter\li
Event: 2683.245 Thread 0x000000001880c000 Exception <a 'sun/nio/fs/WindowsException'> (0x00000000e14a87a8) thrown at [D:\src\AOSP-openjdk-cygwin\jdk8u\hotspot\src\share\vm\prims\jni.cpp, line 710]

Events (10 events):
Event: 2685.658 Thread 0x0000000016c23000 flushing nmethod 0x0000000005666e90
Event: 2685.658 Thread 0x0000000016c23000 flushing nmethod 0x0000000005689210
Event: 2685.658 Thread 0x0000000016c23000 flushing nmethod 0x00000000056c1390
Event: 2685.659 Thread 0x0000000016c23000 flushing nmethod 0x000000000571d4d0
Event: 2685.659 Thread 0x0000000016c23000 flushing nmethod 0x000000000579d8d0
Event: 2685.659 Thread 0x0000000016c23000 flushing nmethod 0x00000000057c5810
Event: 2685.659 Thread 0x0000000016c23000 flushing nmethod 0x00000000057d8c50
Event: 2685.660 Thread 0x0000000016c23000 flushing nmethod 0x00000000058c1b10
Event: 2685.660 Thread 0x0000000016c23000 flushing nmethod 0x000000000595d890
Event: 2685.660 Thread 0x0000000016c23000 flushing nmethod 0x00000000059a4c90


Dynamic libraries:
0x00007ff65d240000 - 0x00007ff65d271000 	C:\Program Files\Android\Android Studio\jre\bin\java.exe
0x00007ffea8640000 - 0x00007ffea8830000 	C:\WINDOWS\SYSTEM32\ntdll.dll
0x00007ffea7060000 - 0x00007ffea7112000 	C:\WINDOWS\System32\KERNEL32.DLL
0x00007ffea56f0000 - 0x00007ffea5993000 	C:\WINDOWS\System32\KERNELBASE.dll
0x00007ffea7a30000 - 0x00007ffea7ad3000 	C:\WINDOWS\System32\ADVAPI32.dll
0x00007ffea7220000 - 0x00007ffea72be000 	C:\WINDOWS\System32\msvcrt.dll
0x00007ffea7120000 - 0x00007ffea71b7000 	C:\WINDOWS\System32\sechost.dll
0x00007ffea7f00000 - 0x00007ffea8020000 	C:\WINDOWS\System32\RPCRT4.dll
0x00007ffea73c0000 - 0x00007ffea7554000 	C:\WINDOWS\System32\USER32.dll
0x00007ffea6670000 - 0x00007ffea6691000 	C:\WINDOWS\System32\win32u.dll
0x00007ffea66c0000 - 0x00007ffea66e6000 	C:\WINDOWS\System32\GDI32.dll
0x00007ffea6220000 - 0x00007ffea63b4000 	C:\WINDOWS\System32\gdi32full.dll
0x00007ffea64c0000 - 0x00007ffea655e000 	C:\WINDOWS\System32\msvcp_win.dll
0x00007ffea59a0000 - 0x00007ffea5a9a000 	C:\WINDOWS\System32\ucrtbase.dll
0x00007ffe92860000 - 0x00007ffe92ae5000 	C:\WINDOWS\WinSxS\amd64_microsoft.windows.common-controls_6595b64144ccf1df_6.0.18362.778_none_e6c6b761130d4fb8\COMCTL32.dll
0x00007ffea76f0000 - 0x00007ffea7a26000 	C:\WINDOWS\System32\combase.dll
0x00007ffea6410000 - 0x00007ffea6490000 	C:\WINDOWS\System32\bcryptPrimitives.dll
0x00007ffea7e00000 - 0x00007ffea7e2e000 	C:\WINDOWS\System32\IMM32.DLL
0x000000005a520000 - 0x000000005a5f2000 	C:\Program Files\Android\Android Studio\jre\jre\bin\msvcr100.dll
0x000000005a600000 - 0x000000005ae46000 	C:\Program Files\Android\Android Studio\jre\jre\bin\server\jvm.dll
0x00007ffea76e0000 - 0x00007ffea76e8000 	C:\WINDOWS\System32\PSAPI.DLL
0x00007ffe91ef0000 - 0x00007ffe91ef9000 	C:\WINDOWS\SYSTEM32\WSOCK32.dll
0x00007ffea7ae0000 - 0x00007ffea7b4f000 	C:\WINDOWS\System32\WS2_32.dll
0x00007ffea1a70000 - 0x00007ffea1a94000 	C:\WINDOWS\SYSTEM32\WINMM.dll
0x00007ffe99dd0000 - 0x00007ffe99dda000 	C:\WINDOWS\SYSTEM32\VERSION.dll
0x00007ffea1a40000 - 0x00007ffea1a6d000 	C:\WINDOWS\SYSTEM32\WINMMBASE.dll
0x00007ffea63c0000 - 0x00007ffea640a000 	C:\WINDOWS\System32\cfgmgr32.dll
0x00007ffea1420000 - 0x00007ffea142f000 	C:\Program Files\Android\Android Studio\jre\jre\bin\verify.dll
0x00007ffe9bfc0000 - 0x00007ffe9bfe9000 	C:\Program Files\Android\Android Studio\jre\jre\bin\java.dll
0x00007ffe94a00000 - 0x00007ffe94a16000 	C:\Program Files\Android\Android Studio\jre\jre\bin\zip.dll
0x00007ffea6970000 - 0x00007ffea7055000 	C:\WINDOWS\System32\SHELL32.dll
0x00007ffea7e50000 - 0x00007ffea7ef9000 	C:\WINDOWS\System32\shcore.dll
0x00007ffea5aa0000 - 0x00007ffea6220000 	C:\WINDOWS\System32\windows.storage.dll
0x00007ffea5550000 - 0x00007ffea5573000 	C:\WINDOWS\System32\profapi.dll
0x00007ffea54e0000 - 0x00007ffea552a000 	C:\WINDOWS\System32\powrprof.dll
0x00007ffea54d0000 - 0x00007ffea54e0000 	C:\WINDOWS\System32\UMPDC.dll
0x00007ffea7cd0000 - 0x00007ffea7d22000 	C:\WINDOWS\System32\shlwapi.dll
0x00007ffea5530000 - 0x00007ffea5541000 	C:\WINDOWS\System32\kernel.appcore.dll
0x00007ffea66a0000 - 0x00007ffea66b7000 	C:\WINDOWS\System32\cryptsp.dll
0x00007ffe8f7b0000 - 0x00007ffe8f7ca000 	C:\Program Files\Android\Android Studio\jre\jre\bin\net.dll
0x00007ffe96c80000 - 0x00007ffe96e55000 	C:\WINDOWS\SYSTEM32\urlmon.dll
0x00007ffe97880000 - 0x00007ffe97b26000 	C:\WINDOWS\SYSTEM32\iertutil.dll
0x00007ffea4f10000 - 0x00007ffea4f1c000 	C:\WINDOWS\SYSTEM32\CRYPTBASE.DLL
0x00007ffea4d40000 - 0x00007ffea4da7000 	C:\WINDOWS\system32\mswsock.dll
0x00007ffe8f790000 - 0x00007ffe8f7a3000 	C:\Program Files\Android\Android Studio\jre\jre\bin\nio.dll
0x00007ffe88120000 - 0x00007ffe88146000 	C:\Users\Mariana\.gradle\native\30\windows-amd64\native-platform.dll
0x00007ffea1410000 - 0x00007ffea141d000 	C:\Program Files\Android\Android Studio\jre\jre\bin\management.dll
0x00007ffea48b0000 - 0x00007ffea48e3000 	C:\WINDOWS\system32\rsaenh.dll
0x00007ffea6490000 - 0x00007ffea64b6000 	C:\WINDOWS\System32\bcrypt.dll
0x00007ffea53f0000 - 0x00007ffea5415000 	C:\WINDOWS\SYSTEM32\USERENV.dll
0x00007ffea4a50000 - 0x00007ffea4a8a000 	C:\WINDOWS\SYSTEM32\IPHLPAPI.DLL
0x00007ffea7cc0000 - 0x00007ffea7cc8000 	C:\WINDOWS\System32\NSI.dll
0x00007ffe9b270000 - 0x00007ffe9b286000 	C:\WINDOWS\SYSTEM32\dhcpcsvc6.DLL
0x00007ffe9b250000 - 0x00007ffe9b26c000 	C:\WINDOWS\SYSTEM32\dhcpcsvc.DLL
0x00007ffea4aa0000 - 0x00007ffea4b6a000 	C:\WINDOWS\SYSTEM32\DNSAPI.dll
0x00007ffe8a4c0000 - 0x00007ffe8a4e4000 	C:\Program Files\Android\Android Studio\jre\jre\bin\sunec.dll
0x00007ffe99de0000 - 0x00007ffe99dea000 	C:\Windows\System32\rasadhlp.dll
0x00007ffe9bac0000 - 0x00007ffe9bb37000 	C:\WINDOWS\System32\fwpuclnt.dll
0x00007ffea0ce0000 - 0x00007ffea0ceb000 	C:\Program Files\Android\Android Studio\jre\jre\bin\sunmscapi.dll
0x00007ffea55a0000 - 0x00007ffea56e9000 	C:\WINDOWS\System32\CRYPT32.dll
0x00007ffea5580000 - 0x00007ffea5592000 	C:\WINDOWS\System32\MSASN1.dll
0x00007ffea4530000 - 0x00007ffea4561000 	C:\WINDOWS\SYSTEM32\ntmarta.dll
0x00007ffe80410000 - 0x00007ffe805ac000 	C:\Program Files\Android\Android Studio\jre\jre\bin\awt.dll
0x00007ffea68a0000 - 0x00007ffea6964000 	C:\WINDOWS\System32\OLEAUT32.dll
0x00007ffea3a60000 - 0x00007ffea3a8d000 	C:\WINDOWS\SYSTEM32\dwmapi.dll
0x00007ffe9f600000 - 0x00007ffe9fbc0000 	C:\WINDOWS\SYSTEM32\d2d1.dll
0x00007ffea1fb0000 - 0x00007ffea203f000 	C:\WINDOWS\SYSTEM32\apphelp.dll
0x00007ffea36d0000 - 0x00007ffea3769000 	C:\WINDOWS\system32\uxtheme.dll

VM Arguments:
jvm_args: -Xmx1536m -Dfile.encoding=windows-1252 -Duser.country=BR -Duser.language=pt -Duser.variant 
java_command: org.gradle.launcher.daemon.bootstrap.GradleDaemon 5.6.4
java_class_path (initial): C:\Users\Mariana\.gradle\wrapper\dists\gradle-5.6.4-all\ankdp27end7byghfw1q2sw75f\gradle-5.6.4\lib\gradle-launcher-5.6.4.jar
Launcher Type: SUN_STANDARD

Environment Variables:
JAVA_HOME=C:\Program Files\Java\jdk1.8.0_211
CLASSPATH=.;
PATH=C:\WINDOWS\system32;C:\WINDOWS;C:\WINDOWS\System32\Wbem;C:\WINDOWS\System32\WindowsPowerShell\v1.0\;C:\WINDOWS\System32\OpenSSH\;C:\ProgramData\chocolatey\bin;C:\Program Files\Java\jdk1.8.0_211\bin;C:\Android\android-sdk\tools;C:\Android\android-sdk\platform-tools;C:\Users\Mariana\.dnx\bin;C:\Program Files\Microsoft DNX\Dnvm\;C:\Program Files\Microsoft SQL Server\130\Tools\Binn\;C:\Program Files\Microsoft VS Code\bin;C:\tools\php74;C:\Program Files\Git\cmd;C:\Android\android-sdk\tools\bin;C:\Users\Mariana\AppData\Local\Microsoft\WindowsApps;C:\Users\Mariana\AppData\Local\GitHubDesktop\bin
USERNAME=Mariana
OS=Windows_NT
PROCESSOR_IDENTIFIER=Intel64 Family 6 Model 61 Stepping 4, GenuineIntel



---------------  S Y S T E M  ---------------

OS: Windows 10.0 , 64 bit Build 18362 (10.0.18362.778)

CPU:total 4 (initial active 4) (2 cores per cpu, 2 threads per core) family 6 model 61 stepping 4, cmov, cx8, fxsr, mmx, sse, sse2, sse3, ssse3, sse4.1, sse4.2, popcnt, avx, avx2, aes, clmul, erms, 3dnowpref, lzcnt, ht, tsc, tscinvbit, bmi1, bmi2, adx

Memory: 4k page, physical 8296808k(548708k free), swap 8296808k(1180k free)

vm_info: OpenJDK 64-Bit Server VM (25.212-b04) for windows-amd64 JRE (1.8.0_212-release-1586-b04), built by "builder" with MS VC++ 10.0 (VS2010)

time: Thu Apr 30 20:59:22 2020
timezone: Hora oficial do Brasil
elapsed time: 2686 seconds (0d 0h 44m 46s)

